Here is the information passed to the constructor:
HLTEventAnalyzerAOD configuration: 
   ProcessName = HLT
   TriggerName = @
   DataSetName = SingleMu
   TriggerResultsTag = TriggerResults::HLT
   TriggerEventTag = hltTriggerSummaryAOD::HLT
HLTConfigData::dump: Triggers: 389
  0 HLT_Activity_Ecal_SC7_v7
  1 HLT_L1SingleJet16_v4
  2 HLT_L1SingleJet36_v4
  3 HLT_Jet30_v6
  4 HLT_Jet60_v6
  5 HLT_Jet80_v6
  6 HLT_Jet110_v6
  7 HLT_Jet150_v6
  8 HLT_Jet190_v6
  9 HLT_Jet240_v6
  10 HLT_Jet240_CentralJet30_BTagIP_v2
  11 HLT_Jet270_CentralJet30_BTagIP_v2
  12 HLT_Jet300_v5
  13 HLT_Jet370_v6
  14 HLT_Jet370_NoJetID_v6
  15 HLT_Jet800_v1
  16 HLT_DiJetAve30_v6
  17 HLT_DiJetAve60_v6
  18 HLT_DiJetAve80_v6
  19 HLT_DiJetAve110_v6
  20 HLT_DiJetAve150_v6
  21 HLT_DiJetAve190_v6
  22 HLT_DiJetAve240_v6
  23 HLT_DiJetAve300_v6
  24 HLT_DiJetAve370_v6
  25 HLT_FatJetMass300_DR1p1_Deta2p0_CentralJet30_BTagIP_v2
  26 HLT_FatJetMass350_DR1p1_Deta2p0_CentralJet30_BTagIP_v2
  27 HLT_FatJetMass750_DR1p1_Deta2p0_v1
  28 HLT_FatJetMass850_DR1p1_Deta2p0_v1
  29 HLT_DoubleJet30_ForwardBackward_v7
  30 HLT_DoubleJet60_ForwardBackward_v7
  31 HLT_DoubleJet70_ForwardBackward_v7
  32 HLT_DoubleJet80_ForwardBackward_v7
  33 HLT_DiJet130_PT130_v6
  34 HLT_DiJet160_PT160_v6
  35 HLT_CentralJet80_MET65_v7
  36 HLT_CentralJet80_MET80_v6
  37 HLT_CentralJet80_MET100_v7
  38 HLT_CentralJet80_MET160_v7
  39 HLT_DiJet60_MET45_v7
  40 HLT_DiCentralJet20_MET80_v5
  41 HLT_DiCentralJet20_BTagIP_MET65_v6
  42 HLT_CentralJet46_CentralJet38_DiBTagIP3D_v2
  43 HLT_CentralJet60_CentralJet53_DiBTagIP3D_v1
  44 HLT_QuadJet40_v7
  45 HLT_QuadJet40_IsoPFTau40_v11
  46 HLT_QuadJet45_IsoPFTau45_v6
  47 HLT_QuadJet50_Jet40_Jet30_v3
  48 HLT_QuadJet60_v6
  49 HLT_QuadJet70_v6
  50 HLT_EightJet120_v1
  51 HLT_60Jet10_v1
  52 HLT_70Jet10_v1
  53 HLT_70Jet13_v1
  54 HLT_ExclDiJet60_HFOR_v6
  55 HLT_ExclDiJet60_HFAND_v6
  56 HLT_JetE30_NoBPTX_v6
  57 HLT_JetE30_NoBPTX_NoHalo_v8
  58 HLT_JetE30_NoBPTX3BX_NoHalo_v8
  59 HLT_JetE50_NoBPTX3BX_NoHalo_v3
  60 HLT_HT150_v8
  61 HLT_HT200_v8
  62 HLT_HT200_AlphaT0p55_v2
  63 HLT_HT200_DoubleEle5_CaloIdVL_MassJPsi_v2
  64 HLT_HT250_v8
  65 HLT_HT250_AlphaT0p53_v6
  66 HLT_HT250_AlphaT0p55_v2
  67 HLT_HT250_DoubleDisplacedJet60_v7
  68 HLT_HT250_DoubleDisplacedJet60_PromptTrack_v5
  69 HLT_HT250_MHT90_v2
  70 HLT_HT250_MHT100_v2
  71 HLT_HT300_v9
  72 HLT_HT300_MHT80_v2
  73 HLT_HT300_MHT90_v2
  74 HLT_HT300_PFMHT55_v7
  75 HLT_HT300_CentralJet30_BTagIP_v6
  76 HLT_HT300_CentralJet30_BTagIP_PFMHT55_v7
  77 HLT_HT300_CentralJet30_BTagIP_PFMHT75_v7
  78 HLT_HT300_AlphaT0p53_v6
  79 HLT_HT300_AlphaT0p54_v2
  80 HLT_HT350_v8
  81 HLT_HT350_MHT70_v2
  82 HLT_HT350_MHT80_v2
  83 HLT_HT350_AlphaT0p52_v2
  84 HLT_HT350_AlphaT0p53_v7
  85 HLT_HT400_v8
  86 HLT_HT400_AlphaT0p51_v7
  87 HLT_HT400_AlphaT0p52_v2
  88 HLT_HT450_v8
  89 HLT_HT450_AlphaT0p51_v2
  90 HLT_HT450_AlphaT0p52_v2
  91 HLT_HT500_v8
  92 HLT_HT500_JetPt60_DPhi2p94_v1
  93 HLT_HT550_v8
  94 HLT_HT550_JetPt60_DPhi2p94_v1
  95 HLT_HT600_v1
  96 HLT_HT2000_v2
  97 HLT_PFMHT150_v11
  98 HLT_MET65_v4
  99 HLT_MET65_HBHENoiseFiltered_v4
  100 HLT_MET100_v7
  101 HLT_MET100_HBHENoiseFiltered_v5
  102 HLT_MET120_v7
  103 HLT_MET120_HBHENoiseFiltered_v5
  104 HLT_MET200_v7
  105 HLT_MET200_HBHENoiseFiltered_v5
  106 HLT_MET400_v2
  107 HLT_R014_MR150_v6
  108 HLT_R020_MR150_v6
  109 HLT_R020_MR550_v6
  110 HLT_R023_MR550_v2
  111 HLT_R025_MR150_v6
  112 HLT_R025_MR450_v6
  113 HLT_R029_MR450_v2
  114 HLT_R033_MR350_v6
  115 HLT_R036_MR350_v2
  116 HLT_R038_MR250_v6
  117 HLT_R042_MR250_v2
  118 HLT_L1SingleMuOpen_v4
  119 HLT_L1SingleMuOpen_DT_v4
  120 HLT_L1SingleMu10_v4
  121 HLT_L1SingleMu20_v4
  122 HLT_L1DoubleMu0_v4
  123 HLT_L2Mu10_v6
  124 HLT_L2Mu20_v6
  125 HLT_L2Mu60_1Hit_MET40_v5
  126 HLT_L2Mu60_1Hit_MET60_v5
  127 HLT_L2DoubleMu0_v7
  128 HLT_Mu3_v9
  129 HLT_Mu5_v9
  130 HLT_Mu8_v7
  131 HLT_Mu12_v7
  132 HLT_Mu15_v8
  133 HLT_Mu20_v7
  134 HLT_Mu24_v7
  135 HLT_Mu30_v7
  136 HLT_Mu40_v5
  137 HLT_Mu60_v2
  138 HLT_Mu100_v5
  139 HLT_IsoMu12_v9
  140 HLT_IsoMu15_v13
  141 HLT_IsoMu17_v13
  142 HLT_IsoMu20_v8
  143 HLT_IsoMu24_v8
  144 HLT_IsoMu30_v8
  145 HLT_L2DoubleMu23_NoVertex_v7
  146 HLT_L2DoubleMu30_NoVertex_v3
  147 HLT_DoubleMu3_v9
  148 HLT_DoubleMu6_v7
  149 HLT_DoubleMu7_v7
  150 HLT_DoubleMu45_v5
  151 HLT_DoubleMu4_Acoplanarity03_v8
  152 HLT_DoubleMu5_Acoplanarity03_v5
  153 HLT_DoubleMu3p5_Jpsi_Displaced_v2
  154 HLT_DoubleMu4_LowMass_Displaced_v2
  155 HLT_Dimuon0_Jpsi_v5
  156 HLT_Dimuon0_Jpsi_NoVertexing_v2
  157 HLT_Dimuon0_Upsilon_v5
  158 HLT_Dimuon4_Bs_Barrel_v7
  159 HLT_Dimuon5_Upsilon_Barrel_v5
  160 HLT_Dimuon6_Bs_v6
  161 HLT_Dimuon7_Jpsi_X_Barrel_v5
  162 HLT_Dimuon7_PsiPrime_v5
  163 HLT_Dimuon10_Jpsi_Barrel_v5
  164 HLT_Dimuon0_Jpsi_Muon_v6
  165 HLT_Dimuon0_Upsilon_Muon_v6
  166 HLT_Mu13_Mu8_v6
  167 HLT_Mu17_Mu8_v6
  168 HLT_TripleMu5_v8
  169 HLT_DoubleMu5_IsoMu5_v7
  170 HLT_Mu5_TkMu0_OST_Jpsi_Tight_B5Q7_v8
  171 HLT_Mu5_L2Mu2_Jpsi_v8
  172 HLT_Mu5_Track2_Jpsi_v8
  173 HLT_Mu7_Track7_Jpsi_v9
  174 HLT_Photon20_CaloIdVL_IsoL_v6
  175 HLT_Photon20_R9Id_Photon18_R9Id_v6
  176 HLT_Photon20_CaloIdVT_IsoT_Ele8_CaloIdL_CaloIsoVL_v8
  177 HLT_Photon26_Photon18_v6
  178 HLT_Photon26_IsoVL_Photon18_v7
  179 HLT_Photon26_IsoVL_Photon18_IsoVL_v7
  180 HLT_Photon26_CaloIdL_IsoVL_Photon18_v7
  181 HLT_Photon26_CaloIdL_IsoVL_Photon18_R9Id_v6
  182 HLT_Photon26_CaloIdL_IsoVL_Photon18_CaloIdL_IsoVL_v7
  183 HLT_Photon26_R9Id_Photon18_CaloIdL_IsoVL_v6
  184 HLT_Photon26_R9Id_Photon18_R9Id_v3
  185 HLT_Photon30_CaloIdVL_v6
  186 HLT_Photon30_CaloIdVL_IsoL_v7
  187 HLT_Photon36_IsoVL_Photon22_v4
  188 HLT_Photon36_CaloIdVL_Photon22_CaloIdVL_v1
  189 HLT_Photon36_CaloIdL_Photon22_CaloIdL_v5
  190 HLT_Photon36_CaloIdL_IsoVL_Photon22_v4
  191 HLT_Photon36_CaloIdL_IsoVL_Photon22_CaloIdL_v3
  192 HLT_Photon36_CaloIdL_IsoVL_Photon22_CaloIdL_IsoVL_v3
  193 HLT_Photon36_CaloIdL_IsoVL_Photon22_R9Id_v2
  194 HLT_Photon36_R9Id_Photon22_CaloIdL_IsoVL_v3
  195 HLT_Photon36_R9Id_Photon22_R9Id_v2
  196 HLT_Photon40_CaloIdL_Photon28_CaloIdL_v3
  197 HLT_Photon44_CaloIdL_Photon34_CaloIdL_v1
  198 HLT_Photon48_CaloIdL_Photon38_CaloIdL_v1
  199 HLT_Photon50_CaloIdVL_v3
  200 HLT_Photon50_CaloIdVL_IsoL_v6
  201 HLT_Photon70_CaloIdL_HT350_v7
  202 HLT_Photon70_CaloIdL_HT400_v2
  203 HLT_Photon70_CaloIdL_MHT70_v7
  204 HLT_Photon70_CaloIdL_MHT90_v2
  205 HLT_Photon75_CaloIdVL_v6
  206 HLT_Photon75_CaloIdVL_IsoL_v7
  207 HLT_Photon90_CaloIdVL_v3
  208 HLT_Photon90_CaloIdVL_IsoL_v4
  209 HLT_Photon135_v1
  210 HLT_Photon225_NoHE_v1
  211 HLT_Photon400_v1
  212 HLT_Photon200_NoHE_v3
  213 HLT_DoublePhoton33_HEVT_v3
  214 HLT_DoublePhoton38_HEVT_v2
  215 HLT_DoublePhoton60_v3
  216 HLT_DoublePhoton80_v1
  217 HLT_DoublePhoton5_IsoVL_CEP_v6
  218 HLT_L1SingleEG5_v3
  219 HLT_L1SingleEG12_v3
  220 HLT_Ele8_v7
  221 HLT_Ele8_CaloIdL_CaloIsoVL_v7
  222 HLT_Ele8_CaloIdL_TrkIdVL_v7
  223 HLT_Ele8_CaloIdT_CaloIsoVL_TrkIdVL_TrkIsoVL_v5
  224 HLT_Ele15_CaloIdT_CaloIsoVL_TrkIdT_TrkIsoVL_v1
  225 HLT_Ele15_CaloIdVT_CaloIsoT_TrkIdT_TrkIsoT_v7
  226 HLT_Ele17_CaloIdL_CaloIsoVL_v7
  227 HLT_Ele17_CaloIdL_CaloIsoVL_Ele8_CaloIdL_CaloIsoVL_v8
  228 HLT_Ele17_CaloIdVT_CaloIsoVT_TrkIdT_TrkIsoVT_SC8_Mass30_v7
  229 HLT_Ele17_CaloIdT_CaloIsoVL_TrkIdVL_TrkIsoVL_Ele8_CaloIdT_CaloIsoVL_TrkIdVL_TrkIsoVL_v7
  230 HLT_Ele17_CaloIdVT_CaloIsoVT_TrkIdT_TrkIsoVT_Ele8_Mass30_v6
  231 HLT_Ele17_CaloIdL_CaloIsoVL_Ele15_HFL_v8
  232 HLT_Ele17_CaloIdL_CaloIsoVL_Ele15_HFT_v3
  233 HLT_Ele25_CaloIdL_CaloIsoVL_TrkIdVL_TrkIsoVL_v4
  234 HLT_Ele27_WP80_PFMT50_v3
  235 HLT_Ele32_WP70_PFMT50_v3
  236 HLT_Ele32_CaloIdVL_CaloIsoVL_TrkIdVL_TrkIsoVL_v4
  237 HLT_Ele32_CaloIdVT_CaloIsoT_TrkIdT_TrkIsoT_v6
  238 HLT_Ele32_CaloIdT_CaloIsoT_TrkIdT_TrkIsoT_SC17_v5
  239 HLT_Ele52_CaloIdVT_TrkIdT_v4
  240 HLT_Ele65_CaloIdVT_TrkIdT_v3
  241 HLT_Ele100_CaloIdVL_CaloIsoVL_TrkIdVL_TrkIsoVL_v2
  242 HLT_DoubleEle8_CaloIdT_TrkIdVL_v2
  243 HLT_DoubleEle33_v4
  244 HLT_DoubleEle33_CaloIdL_v4
  245 HLT_DoubleEle45_CaloIdL_v3
  246 HLT_IsoPFTau35_Trk20_v6
  247 HLT_IsoPFTau35_Trk20_MET60_v6
  248 HLT_IsoPFTau35_Trk20_MET70_v2
  249 HLT_DoubleIsoPFTau45_Trk5_eta2p1_v2
  250 HLT_IsoPFTau40_IsoPFTau30_Trk5_eta2p1_v2
  251 HLT_HT300_DoubleIsoPFTau10_Trk3_PFMHT40_v7
  252 HLT_HT350_DoubleIsoPFTau10_Trk3_PFMHT45_v7
  253 HLT_BTagMu_DiJet20_Mu5_v9
  254 HLT_BTagMu_DiJet40_Mu5_v9
  255 HLT_BTagMu_DiJet70_Mu5_v9
  256 HLT_BTagMu_DiJet110_Mu5_v9
  257 HLT_Mu3_Ele8_CaloIdT_TrkIdVL_HT150_v6
  258 HLT_Mu3_Ele8_CaloIdT_CaloIsoVL_v2
  259 HLT_Mu8_R005_MR200_v7
  260 HLT_Mu8_R025_MR200_v7
  261 HLT_Mu8_R029_MR200_v3
  262 HLT_HT250_Mu15_PFMHT20_v7
  263 HLT_HT250_Mu15_PFMHT40_v3
  264 HLT_HT300_Mu5_PFMHT40_v7
  265 HLT_HT350_Mu5_PFMHT45_v7
  266 HLT_Mu3_DiJet30_v6
  267 HLT_Mu3_TriJet30_v6
  268 HLT_Mu3_QuadJet30_v6
  269 HLT_Mu5_DoubleEle8_CaloIdT_TrkIdVL_v3
  270 HLT_Mu5_Ele8_CaloIdT_TrkIdVL_Ele8_CaloIdL_TrkIdVL_v3
  271 HLT_Mu8_Ele17_CaloIdL_v8
  272 HLT_Mu8_Ele17_CaloIdT_CaloIsoVL_v3
  273 HLT_Mu8_Photon20_CaloIdVT_IsoT_v8
  274 HLT_Mu8_Jet40_v9
  275 HLT_Mu15_Photon20_CaloIdL_v9
  276 HLT_Mu15_DoublePhoton15_CaloIdL_v9
  277 HLT_Mu15_LooseIsoPFTau15_v8
  278 HLT_Mu17_CentralJet30_v10
  279 HLT_Mu17_DiCentralJet30_v10
  280 HLT_Mu17_TriCentralJet30_v10
  281 HLT_Mu17_QuadCentralJet30_v5
  282 HLT_Mu17_Ele8_CaloIdL_v8
  283 HLT_Mu17_Ele8_CaloIdT_CaloIsoVL_v3
  284 HLT_Mu12_DiCentralJet30_BTagIP3D_v5
  285 HLT_Mu12_DiCentralJet20_BTagIP3D1stTrack_v2
  286 HLT_Mu12_DiCentralJet20_DiBTagIP3D1stTrack_v3
  287 HLT_Mu17_CentralJet30_BTagIP_v9
  288 HLT_Mu30_HT200_v3
  289 HLT_Mu40_HT200_v3
  290 HLT_IsoMu15_LooseIsoPFTau15_v8
  291 HLT_IsoMu15_LooseIsoPFTau20_v6
  292 HLT_IsoMu15_TightIsoPFTau20_v6
  293 HLT_IsoMu17_CentralJet30_v5
  294 HLT_IsoMu17_DiCentralJet30_v5
  295 HLT_IsoMu17_TriCentralJet30_v5
  296 HLT_IsoMu17_QuadCentralJet30_v5
  297 HLT_IsoMu17_CentralJet30_BTagIP_v9
  298 HLT_IsoMu20_DiCentralJet34_v2
  299 HLT_DoubleMu3_HT150_v7
  300 HLT_DoubleMu3_Mass4_HT150_v3
  301 HLT_DoubleMu3_HT200_v10
  302 HLT_DoubleMu5_Ele8_CaloIdL_TrkIdVL_v9
  303 HLT_DoubleMu5_Ele8_CaloIdT_TrkIdVL_v3
  304 HLT_Photon40_CaloIdL_R005_MR150_v4
  305 HLT_Photon40_CaloIdL_R014_MR500_v2
  306 HLT_Photon40_CaloIdL_R017_MR500_v2
  307 HLT_Photon40_CaloIdL_R020_MR350_v2
  308 HLT_Photon40_CaloIdL_R023_MR350_v2
  309 HLT_Photon40_CaloIdL_R025_MR250_v2
  310 HLT_Photon40_CaloIdL_R029_MR250_v2
  311 HLT_Photon40_CaloIdL_R038_MR200_v2
  312 HLT_Photon40_CaloIdL_R042_MR200_v2
  313 HLT_DoublePhoton40_MR150_v5
  314 HLT_DoublePhoton40_R014_MR150_v5
  315 HLT_HT300_Ele5_CaloIdVL_CaloIsoVL_TrkIdVL_TrkIsoVL_PFMHT40_v5
  316 HLT_HT350_Ele5_CaloIdVL_CaloIsoVL_TrkIdVL_TrkIsoVL_PFMHT45_v5
  317 HLT_Ele8_CaloIdT_TrkIdT_DiJet30_v4
  318 HLT_Ele8_CaloIdT_TrkIdT_TriJet30_v4
  319 HLT_Ele8_CaloIdT_TrkIdT_QuadJet30_v4
  320 HLT_Ele8_CaloIdL_CaloIsoVL_Jet40_v7
  321 HLT_Ele15_CaloIdT_CaloIsoVL_TrkIdT_TrkIsoVL_HT250_v7
  322 HLT_Ele15_CaloIdT_CaloIsoVL_TrkIdT_TrkIsoVL_HT250_PFMHT25_v3
  323 HLT_Ele10_CaloIdL_CaloIsoVL_TrkIdVL_TrkIsoVL_R005_MR200_v4
  324 HLT_Ele10_CaloIdL_CaloIsoVL_TrkIdVL_TrkIsoVL_R025_MR200_v4
  325 HLT_Ele10_CaloIdL_CaloIsoVL_TrkIdVL_TrkIsoVL_R029_MR200_v2
  326 HLT_Ele15_CaloIdVT_TrkIdT_TightIsoPFTau20_v2
  327 HLT_Ele15_CaloIdVT_CaloIsoT_TrkIdT_TrkIsoT_TightIsoPFTau20_v2
  328 HLT_Ele18_CaloIdVT_CaloIsoT_TrkIdT_TrkIsoT_TightIsoPFTau20_v2
  329 HLT_Ele25_CaloIdVT_TrkIdT_CentralJet30_v8
  330 HLT_Ele25_CaloIdVT_TrkIdT_DiCentralJet30_v7
  331 HLT_Ele25_CaloIdVT_TrkIdT_TriCentralJet30_v7
  332 HLT_Ele25_CaloIdVT_TrkIdT_QuadCentralJet30_v4
  333 HLT_Ele25_CaloIdVT_CaloIsoT_TrkIdT_TrkIsoT_CentralJet30_v4
  334 HLT_Ele25_CaloIdVT_CaloIsoT_TrkIdT_TrkIsoT_DiCentralJet30_v4
  335 HLT_Ele25_CaloIdVT_CaloIsoT_TrkIdT_TrkIsoT_TriCentralJet30_v4
  336 HLT_Ele25_CaloIdVT_CaloIsoT_TrkIdT_TrkIsoT_QuadCentralJet30_v4
  337 HLT_Ele25_CaloIdVT_CaloIsoT_TrkIdT_TrkIsoT_CentralJet30_BTagIP_v4
  338 HLT_Ele25_CaloIdVT_TrkIdT_CentralJet30_BTagIP_v8
  339 HLT_Ele15_CaloIdVT_TrkIdT_Jet35_Jet25_Deta3_Jet20_v3
  340 HLT_Ele15_CaloIdVT_CaloIsoT_TrkIdT_TrkIsoT_Jet35_Jet25_Deta3_Jet20_v2
  341 HLT_Ele20_CaloIdVT_CaloIsoT_TrkIdT_TrkIsoT_Jet35_Jet25_Deta3_Jet20_v1
  342 HLT_Ele22_CaloIdVT_TrkIdT_CentralJet30_CentralJet25_v3
  343 HLT_Ele22_CaloIdVT_CaloIsoT_TrkIdT_TrkIsoT_CentralJet30_CentralJet25_v3
  344 HLT_Ele22_CaloIdVT_CaloIsoT_TrkIdT_TrkIsoT_CentralJet30_CentralJet25_PFMHT20_v4
  345 HLT_Ele27_CaloIdVT_CaloIsoT_TrkIdT_TrkIsoT_CentralJet30_CentralJet25_PFMHT20_v1
  346 HLT_Photon30_CaloIdVT_CentralJet20_BTagIP_v1
  347 HLT_DoubleEle8_CaloIdT_TrkIdVL_HT150_v5
  348 HLT_DoubleEle8_CaloIdT_TrkIdVL_Mass4_HT150_v2
  349 HLT_DoubleEle10_CaloIdL_TrkIdVL_Ele10_CaloIdT_TrkIdVL_v2
  350 HLT_TripleEle10_CaloIdL_TrkIdVL_v8
  351 HLT_PixelTracks_Multiplicity80_v6
  352 HLT_PixelTracks_Multiplicity100_v6
  353 HLT_BeamGas_HF_v6
  354 HLT_BeamGas_BSC_v4
  355 HLT_BeamHalo_v5
  356 HLT_L1_PreCollisions_v3
  357 HLT_L1_Interbunch_BSC_v3
  358 HLT_IsoTrackHE_v7
  359 HLT_IsoTrackHB_v6
  360 HLT_HcalPhiSym_v7
  361 HLT_HcalNZS_v7
  362 HLT_GlobalRunHPDNoise_v5
  363 HLT_L1Tech_HBHEHO_totalOR_v3
  364 HLT_L1Tech_HCAL_HF_single_channel_v1
  365 HLT_ZeroBias_v4
  366 HLT_Physics_v2
  367 HLT_Physics_NanoDST_v2
  368 HLT_DTCalibration_v1
  369 HLT_EcalCalibration_v2
  370 HLT_HcalCalibration_v2
  371 HLT_TrackerCalibration_v2
  372 HLT_Random_v1
  373 HLT_L1SingleMuOpen_AntiBPTX_v3
  374 HLT_L1TrackerCosmics_v4
  375 HLT_RegionalCosmicTracking_v6
  376 HLT_LogMonitor_v1
  377 HLT_DTErrors_v2
  378 HLT_L1ETM30_v4
  379 HLT_L1DoubleJet36Central_v4
  380 HLT_L1MultiJet_v4
  381 AlCa_EcalPi0_v9
  382 AlCa_EcalEta_v8
  383 AlCa_EcalPhiSym_v7
  384 AlCa_RPCMuonNoTriggers_v6
  385 AlCa_RPCMuonNoHits_v6
  386 AlCa_RPCMuonNormalisation_v6
  387 DQM_FEDIntegrity_v5
  388 HLTriggerFinalPath
prescale table
HLTConfigData::dump: PrescaleTable: # of sets : 7
 0/'3e33' 1/'2.5e33' 2/'2e33' 3/'1.4e33' 4/'1e33' 5/'7e32' 6/'5e32'
HLTConfigData::dump: PrescaleTable: # of paths: 180
 2 2 2 1 1 1 1 AlCa_EcalEta_v8
 2 2 2 2 1 1 1 AlCa_EcalPi0_v9
 12 10 8 6 4 3 2 AlCa_RPCMuonNoHits_v6
 12 10 8 6 4 3 2 AlCa_RPCMuonNoTriggers_v6
 12 10 8 6 4 3 2 AlCa_RPCMuonNormalisation_v6
 10 10 10 10 10 10 10 DQM_FEDIntegrity_v5
 10 10 10 10 10 10 10 HLTDQMResultsOutput
 100 100 100 100 100 100 100 HLTMONOutput
 75 65 50 35 25 15 10 HLT_Activity_Ecal_SC7_v7
 1 1 1 2 2 1 1 HLT_BTagMu_DiJet110_Mu5_v9
 35 35 35 500 380 270 190 HLT_BTagMu_DiJet20_Mu5_v9
 15 15 15 110 75 50 35 HLT_BTagMu_DiJet40_Mu5_v9
 5 5 5 15 10 7 5 HLT_BTagMu_DiJet70_Mu5_v9
 1 1 10 1 1 1 1 HLT_CentralJet46_CentralJet38_DiBTagIP3D_v2
 210 180 140 100 70 50 35 HLT_CentralJet80_MET65_v7
 15 15 15 110 75 50 35 HLT_DiJet130_PT130_v6
 24 24 24 24 24 24 240 HLT_DiJet60_MET45_v7
 360 360 360 2520 1800 1260 900 HLT_DiJetAve110_v6
 105 90 70 50 35 25 15 HLT_DiJetAve150_v6
 30 25 20 15 10 7 5 HLT_DiJetAve190_v6
 10 9 6 4 3 2 1 HLT_DiJetAve240_v6
 16 16 16 16 16 16 16 HLT_DiJetAve30_v6
 90 90 90 90 90 90 90 HLT_DiJetAve60_v6
 1200 1200 1200 1200 24000 16800 12000 HLT_DiJetAve80_v6
 180 150 120 55 40 40 30 HLT_Dimuon0_Jpsi_NoVertexing_v2
 120 100 80 55 40 30 20 HLT_Dimuon0_Jpsi_v5
 120 100 80 55 40 30 20 HLT_Dimuon0_Upsilon_v5
 0 0 1 1 1 1 1 HLT_Dimuon7_Jpsi_X_Barrel_v5
 25 20 15 10 7 5 3 HLT_DoubleEle33_v4
 50 40 30 20 15 10 7 HLT_DoubleJet30_ForwardBackward_v7
 780 650 520 370 260 190 130 HLT_DoubleMu3_v9
 0 1 1 1 1 1 1 HLT_DoubleMu3p5_Jpsi_Displaced_v2
 200 150 105 70 50 35 25 HLT_DoubleMu4_Acoplanarity03_v8
 80 75 60 40 30 20 15 HLT_DoubleMu6_v7
 50 45 35 25 15 10 8 HLT_DoubleMu7_v7
 25 20 15 10 7 5 3 HLT_DoublePhoton33_HEVT_v3
 220 180 140 100 70 50 35 HLT_Ele10_CaloIdL_CaloIsoVL_TrkIdVL_TrkIsoVL_R005_MR200_v4
 15 15 500 350 250 175 125 HLT_Ele15_CaloIdT_CaloIsoVL_TrkIdT_TrkIsoVL_v1
 600 500 400 280 200 140 100 HLT_Ele15_CaloIdVT_CaloIsoT_TrkIdT_TrkIsoT_v7
 1 1 15 10 7 5 3 HLT_Ele15_CaloIdVT_TrkIdT_Jet35_Jet25_Deta3_Jet20_v3
 75 65 50 35 25 15 10 HLT_Ele15_CaloIdVT_TrkIdT_TightIsoPFTau20_v2
 25 20 15 10 7 5 3 HLT_Ele17_CaloIdL_CaloIsoVL_Ele15_HFL_v8
 40 35 25 1 1 1 1 HLT_Ele17_CaloIdL_CaloIsoVL_Ele8_CaloIdL_CaloIsoVL_v8
 110 110 4320 3030 2160 1520 1080 HLT_Ele17_CaloIdL_CaloIsoVL_v7
 1 1 20 15 10 7 5 HLT_Ele17_CaloIdVT_CaloIsoVT_TrkIdT_TrkIsoVT_SC8_Mass30_v7
 1 1 20 15 10 7 5 HLT_Ele22_CaloIdVT_CaloIsoT_TrkIdT_TrkIsoT_CentralJet30_CentralJet25_v3
 2 2 80 55 40 30 20 HLT_Ele22_CaloIdVT_TrkIdT_CentralJet30_CentralJet25_v3
 660 550 440 310 220 160 110 HLT_Ele25_CaloIdL_CaloIsoVL_TrkIdVL_TrkIsoVL_v4
 120 100 80 55 40 30 20 HLT_Ele25_CaloIdVT_CaloIsoT_TrkIdT_TrkIsoT_CentralJet30_v4
 24 20 16 10 8 5 4 HLT_Ele25_CaloIdVT_CaloIsoT_TrkIdT_TrkIsoT_DiCentralJet30_v4
 12 10 8 5 4 2 2 HLT_Ele25_CaloIdVT_TrkIdT_CentralJet30_BTagIP_v8
 260 220 170 120 85 60 40 HLT_Ele25_CaloIdVT_TrkIdT_CentralJet30_v8
 60 50 40 30 20 15 10 HLT_Ele25_CaloIdVT_TrkIdT_DiCentralJet30_v7
 20 15 10 7 5 3 2 HLT_Ele25_CaloIdVT_TrkIdT_TriCentralJet30_v7
 20 1 1 1 1 1 1 HLT_Ele27_WP80_PFMT50_v3
 500 440 330 240 170 120 80 HLT_Ele32_CaloIdVL_CaloIsoVL_TrkIdVL_TrkIsoVL_v4
 90 75 60 40 30 20 15 HLT_Ele32_CaloIdVT_CaloIsoT_TrkIdT_TrkIsoT_v6
 5 4 3 2 1 1 1 HLT_Ele52_CaloIdVT_TrkIdT_v4
 2 2 2 2 2 2 2 HLT_Ele8_CaloIdL_CaloIsoVL_Jet40_v7
 40 40 40 40 40 40 40 HLT_Ele8_CaloIdL_CaloIsoVL_v7
 20 20 20 20 20 20 20 HLT_Ele8_CaloIdL_TrkIdVL_v7
 20 20 20 20 20 20 20 HLT_Ele8_CaloIdT_CaloIsoVL_TrkIdVL_TrkIsoVL_v5
 2000 1700 1275 900 640 450 320 HLT_Ele8_CaloIdT_TrkIdT_DiJet30_v4
 60 50 40 30 20 15 10 HLT_Ele8_CaloIdT_TrkIdT_QuadJet30_v4
 375 320 250 180 130 85 60 HLT_Ele8_CaloIdT_TrkIdT_TriJet30_v4
 240 240 240 240 240 240 240 HLT_Ele8_v7
 20 150 120 85 60 40 30 HLT_FatJetMass300_DR1p1_Deta2p0_CentralJet30_BTagIP_v2
 10 75 60 40 30 20 15 HLT_FatJetMass350_DR1p1_Deta2p0_CentralJet30_BTagIP_v2
 1500 1500 1500 1500 1500 1500 1500 HLT_GlobalRunHPDNoise_v5
 3580 3580 3580 25100 17900 12600 8950 HLT_HT150_v8
 2 15 10 7 5 3 2 HLT_HT200_AlphaT0p55_v2
 115 95 75 50 35 25 20 HLT_HT200_DoubleEle5_CaloIdVL_MassJPsi_v2
 210 1800 1440 1010 720 510 360 HLT_HT200_v8
 870 725 580 410 290 210 150 HLT_HT250_v8
 40 35 25 15 10 8 6 HLT_HT300_CentralJet30_BTagIP_v6
 20 15 10 7 5 3 2 HLT_HT300_PFMHT55_v7
 450 375 300 210 150 110 75 HLT_HT300_v9
 300 250 200 140 100 70 50 HLT_HT350_v8
 150 125 100 70 50 35 25 HLT_HT400_v8
 45 40 30 20 15 10 7 HLT_HT450_v8
 20 15 10 7 5 3 2 HLT_HT500_v8
 15 15 15 15 15 15 15 HLT_HcalNZS_v7
 15 15 15 15 15 15 15 HLT_HcalPhiSym_v7
 150 150 150 4200 3000 2100 1500 HLT_IsoMu12_v9
 170 140 110 75 55 40 25 HLT_IsoMu15_v13
 42 35 28 20 15 9 7 HLT_IsoMu17_CentralJet30_v5
 300 250 200 1 1 1 1 HLT_IsoMu17_v13
 50 1 1 1 1 1 1 HLT_IsoMu20_v8
 11 11 11 11 11 11 11 HLT_IsoPFTau35_Trk20_v6
 1 1 1 7 3 2 1 HLT_IsoTrackHB_v6
 3 3 3 20 15 10 5 HLT_IsoTrackHE_v7
 720 720 720 5040 3600 2520 1800 HLT_Jet110_v6
 225 190 150 100 70 50 35 HLT_Jet150_v6
 60 50 40 30 20 15 10 HLT_Jet190_v6
 20 18 14 9 7 4 3 HLT_Jet240_v6
 32 32 32 32 32 32 32 HLT_Jet30_v6
 180 180 180 180 180 180 180 HLT_Jet60_v6
 2400 2400 2400 2400 48000 33600 24000 HLT_Jet80_v6
 1 1 1 1 1 1 5 HLT_JetE30_NoBPTX3BX_NoHalo_v8
 1 1 1 1 1 1 5 HLT_JetE30_NoBPTX_NoHalo_v8
 24 24 24 24 24 24 120 HLT_JetE30_NoBPTX_v6
 1000 1000 23160 16300 11600 8110 5790 HLT_L1DoubleJet36Central_v4
 20000 17000 12860 9010 6430 4510 3220 HLT_L1DoubleMu0_v4
 6000 5000 3870 2710 1940 1360 970 HLT_L1ETM30_v4
 9000 7500 5790 4060 2900 2030 1450 HLT_L1MultiJet_v4
 220 220 8580 6010 4290 3010 2150 HLT_L1SingleEG12_v3
 1740 1740 1740 1740 1740 1740 1740 HLT_L1SingleEG5_v3
 50 50 50 50 50 50 50 HLT_L1SingleJet16_v4
 500 500 500 500 500 500 500 HLT_L1SingleJet36_v4
 96000 82000 64000 44800 32000 22400 16000 HLT_L1SingleMu10_v4
 48000 40000 32000 22400 16000 11200 8000 HLT_L1SingleMu20_v4
 75 75 75 75 75 75 75 HLT_L1SingleMuOpen_DT_v4
 620 620 620 620 620 620 620 HLT_L1SingleMuOpen_v4
 500 500 500 350 250 175 125 HLT_L1Tech_HCAL_HF_single_channel_v1
 100 100 100 100 100 100 100 HLT_L1_Interbunch_BSC_v3
 5 5 5 5 5 5 5 HLT_L1_PreCollisions_v3
 6000 5000 4000 2800 2000 1400 1000 HLT_L2DoubleMu0_v7
 14000 12000 9160 6420 4580 3210 2290 HLT_L2Mu10_v6
 6900 5750 4600 3220 2300 1610 1150 HLT_L2Mu20_v6
 30 25 20 15 10 7 5 HLT_MET100_HBHENoiseFiltered_v5
 30 25 20 15 10 7 5 HLT_MET100_v7
 330 275 220 160 110 75 55 HLT_MET65_HBHENoiseFiltered_v4
 330 275 220 160 110 75 55 HLT_MET65_v4
 30 25 20 15 10 5 2 HLT_Mu12_DiCentralJet20_BTagIP3D1stTrack_v2
 30 25 20 15 1 1 1 HLT_Mu12_DiCentralJet30_BTagIP3D_v5
 450 450 450 12600 9000 6300 4500 HLT_Mu12_v7
 110 90 70 50 35 25 15 HLT_Mu15_LooseIsoPFTau15_v8
 1080 900 720 510 360 260 180 HLT_Mu15_v8
 60 50 40 30 20 15 10 HLT_Mu17_CentralJet30_BTagIP_v9
 390 325 260 190 130 90 65 HLT_Mu17_CentralJet30_v10
 180 150 120 85 60 40 30 HLT_Mu17_DiCentralJet30_v10
 60 50 40 30 20 15 10 HLT_Mu17_TriCentralJet30_v10
 390 325 260 190 130 90 65 HLT_Mu20_v7
 240 200 160 120 80 55 40 HLT_Mu24_v7
 120 100 1 1 1 1 1 HLT_Mu30_v7
 715 715 715 5010 3580 2510 1790 HLT_Mu3_DiJet30_v6
 15 15 100 70 50 35 25 HLT_Mu3_Ele8_CaloIdT_CaloIsoVL_v2
 7 7 7 50 35 25 18 HLT_Mu3_QuadJet30_v6
 60 60 60 420 300 210 150 HLT_Mu3_TriJet30_v6
 440 440 440 440 440 440 440 HLT_Mu3_v9
 240 200 160 120 80 55 40 HLT_Mu5_L2Mu2_Jpsi_v8
 4 4 4 5 4 3 8 HLT_Mu5_TkMu0_OST_Jpsi_Tight_B5Q7_v8
 6 6 6 6 6 6 6 HLT_Mu5_Track2_Jpsi_v8
 320 320 320 320 320 320 320 HLT_Mu5_v9
 1 1 1 30 20 15 10 HLT_Mu7_Track7_Jpsi_v9
 30 25 20 15 10 7 5 HLT_Mu8_Ele17_CaloIdL_v8
 220 220 220 1540 1100 770 550 HLT_Mu8_Jet40_v9
 120 100 80 55 40 30 20 HLT_Mu8_R005_MR200_v7
 120 120 120 120 120 120 120 HLT_Mu8_v7
 135 135 5370 3760 2690 1880 1350 HLT_Photon20_CaloIdVL_IsoL_v6
 45 37 30 20 15 10 7 HLT_Photon20_CaloIdVT_IsoT_Ele8_CaloIdL_CaloIsoVL_v8
 1 1 40 30 20 15 10 HLT_Photon20_R9Id_Photon18_R9Id_v6
 120 100 80 55 40 30 20 HLT_Photon26_CaloIdL_IsoVL_Photon18_v7
 330 270 220 160 110 75 55 HLT_Photon26_IsoVL_Photon18_v7
 1100 900 720 510 360 260 180 HLT_Photon26_Photon18_v6
 1620 1400 1080 760 540 380 270 HLT_Photon30_CaloIdVL_IsoL_v7
 4200 3600 2880 2020 1440 1010 720 HLT_Photon30_CaloIdVL_v6
 15 13 10 7 5 3 1 HLT_Photon30_CaloIdVT_CentralJet20_BTagIP_v1
 45 40 30 20 15 10 7 HLT_Photon36_CaloIdL_IsoVL_Photon22_v4
 30 25 20 15 10 7 5 HLT_Photon36_CaloIdL_Photon22_CaloIdL_v5
 140 120 90 60 45 30 20 HLT_Photon36_CaloIdVL_Photon22_CaloIdVL_v1
 30 25 20 15 10 7 5 HLT_Photon36_IsoVL_Photon22_v4
 390 330 260 190 130 90 65 HLT_Photon40_CaloIdL_R005_MR150_v4
 260 220 170 120 85 60 40 HLT_Photon50_CaloIdVL_IsoL_v6
 540 460 360 260 180 130 90 HLT_Photon50_CaloIdVL_v3
 35 30 21 15 10 7 5 HLT_Photon75_CaloIdVL_IsoL_v7
 90 75 60 40 30 20 15 HLT_Photon75_CaloIdVL_v6
 20 15 10 7 5 3 2 HLT_Photon90_CaloIdVL_IsoL_v4
 45 40 30 20 15 10 7 HLT_Photon90_CaloIdVL_v3
 10 10 10 10 10 10 10 HLT_Physics_NanoDST_v2
 8000 8000 8000 8000 8000 8000 8000 HLT_Physics_v2
 20 15 10 7 5 3 2 HLT_PixelTracks_Multiplicity80_v6
 20 15 10 1 1 1 1 HLT_QuadJet40_IsoPFTau40_v11
 210 210 210 150 110 70 50 HLT_QuadJet40_v7
 0 0 0 0 0 0 0 HLT_QuadJet60_v6
 4500 3750 3000 2100 1500 1050 750 HLT_R014_MR150_v6
 1800 1600 1290 910 650 460 330 HLT_R020_MR150_v6
 660 550 440 310 220 160 110 HLT_R025_MR150_v6
 600 600 600 600 600 600 600 HLT_Random_v1
 50 50 50 50 50 50 50 HLT_ZeroBias_v4
	Molude Labels	
